2024/02/06 19:03:58 Error : CONFIG_FILE_PATH environment variable not set. Program Exit
2024/02/06 19:04:26 Sidecard Authentication service started ....
2024/02/06 19:04:26 Error : loading configuration: json: cannot unmarshal number into Go struct field Config.AuthConfig of type config.AuthConfig
2024/02/06 19:04:26 Configuration file loaded sucessfully: config.json
2024/02/06 19:04:26 Authentication handler initiation started
2024/02/06 19:04:26 Auth Module :  Authentication Handler initailizing:: SIT
2024/02/06 19:04:26 Auth Module :  Authentication Handler initailizing:: UAT
2024/02/06 19:04:26 Auth Module :  Authentication Handler initailizing:: PERF
2024/02/06 19:04:26 Auth Module :  Authentication Handler initailizing:: STAGE
2024/02/06 19:04:26 Auth Module :  Authentication Handler initailizing:: PROD
2024/02/06 19:04:26 Auth Module :  Authentication Handler initailizing:: timeout
2024/02/06 19:04:26 Auth Module :  Authentication Handler initailizing:: DEV
2024/02/06 19:04:44 HTTP Handler function execution started
2024/02/06 19:04:44 Environment  : DEV
2024/02/06 19:04:44 authHandlers Initalizing the token request for : DEV
2024/02/06 19:04:44 Auth Module : getAccessToken func call
2024/02/06 19:04:44 Token data: {  0 0 }
2024/02/06 19:04:44 Auth Module : New token request initiated
2024/02/06 19:04:44 Error performing HTTP request:: http: read on closed response body
2024/02/06 19:04:44 Auth Module get Acesstoken error: http: read on closed response body
2024/02/06 19:04:49 HTTP Handler function execution started
2024/02/06 19:04:49 Environment  : DEV
2024/02/06 19:04:49 authHandlers Initalizing the token request for : DEV
2024/02/06 19:04:49 Auth Module : getAccessToken func call
2024/02/06 19:04:49 Token data: {  0 0 }
2024/02/06 19:04:49 Auth Module : New token request initiated
2024/02/06 19:04:49 Error performing HTTP request:: http: read on closed response body
2024/02/06 19:04:49 Auth Module get Acesstoken error: http: read on closed response body
2024/02/06 19:09:03 HTTP Handler function execution started
2024/02/06 19:09:03 Environment  : DEV
2024/02/06 19:09:03 authHandlers Initalizing the token request for : DEV
2024/02/06 19:09:03 Auth Module : getAccessToken func call
2024/02/06 19:09:03 Token data: {  0 0 }
2024/02/06 19:09:03 Auth Module : New token request initiated
2024/02/06 19:09:03 Error performing HTTP request:: http: read on closed response body
2024/02/06 19:09:03 Auth Module get Acesstoken error: http: read on closed response body
2024/02/06 19:12:03 Error : CONFIG_FILE_PATH environment variable not set. Program Exit
2024/02/06 19:12:29 Sidecard Authentication service started ....
2024/02/06 19:12:29 Error : loading configuration: json: cannot unmarshal number into Go struct field Config.AuthConfig of type config.AuthConfig
2024/02/06 19:12:29 Configuration file loaded sucessfully: config.json
2024/02/06 19:12:29 Authentication handler initiation started
2024/02/06 19:12:29 Auth Module :  Authentication Handler initailizing:: PERF
2024/02/06 19:12:29 Auth Module :  Authentication Handler initailizing:: STAGE
2024/02/06 19:12:29 Auth Module :  Authentication Handler initailizing:: PROD
2024/02/06 19:12:29 Auth Module :  Authentication Handler initailizing:: timeout
2024/02/06 19:12:29 Auth Module :  Authentication Handler initailizing:: DEV
2024/02/06 19:12:29 Auth Module :  Authentication Handler initailizing:: SIT
2024/02/06 19:12:29 Auth Module :  Authentication Handler initailizing:: UAT
2024/02/06 19:12:42 HTTP Handler function execution started
2024/02/06 19:12:42 Environment  : DEV
2024/02/06 19:12:42 authHandlers Initalizing the token request for : DEV
2024/02/06 19:12:42 Auth Module : getAccessToken func call
2024/02/06 19:12:42 Token data: {  0 0 }
2024/02/06 19:12:42 Auth Module : New token request initiated
2024/02/06 19:12:42 Error performing HTTP request:: http: read on closed response body
2024/02/06 19:12:42 Auth Module get Acesstoken Initialize error: http: read on closed response body
2024/02/06 19:16:49 Sidecard Authentication service started ....
2024/02/06 19:16:49 Error : loading configuration: json: cannot unmarshal number into Go struct field Config.AuthConfig of type config.AuthConfig
2024/02/06 19:16:49 Configuration file loaded sucessfully: config.json
2024/02/06 19:16:49 Authentication handler initiation started
2024/02/06 19:16:49 Auth Module :  Authentication Handler initailizing:: PROD
2024/02/06 19:16:49 Auth Module :  Authentication Handler initailizing:: timeout
2024/02/06 19:16:49 Auth Module :  Authentication Handler initailizing:: DEV
2024/02/06 19:16:49 Auth Module :  Authentication Handler initailizing:: SIT
2024/02/06 19:16:49 Auth Module :  Authentication Handler initailizing:: UAT
2024/02/06 19:16:49 Auth Module :  Authentication Handler initailizing:: PERF
2024/02/06 19:16:49 Auth Module :  Authentication Handler initailizing:: STAGE
2024/02/06 19:16:52 HTTP Handler function execution started
2024/02/06 19:16:52 Environment  : DEV
2024/02/06 19:16:52 authHandlers Initalizing the token request for : DEV
2024/02/06 19:16:52 Auth Module : getAccessToken func call
2024/02/06 19:16:52 Token data: {  0 0 }
2024/02/06 19:16:52 Auth Module : New token request initiated
2024/02/06 19:16:52 Auth Module : GetAccessToken func call
2024/02/06 19:16:52 Initating the API Request
2024/02/06 19:16:52 Servie API : API Request Started 
2024/02/06 19:16:52 Servie API : HTTP GET call
2024/02/06 19:17:23 HTTP Handler function execution started
2024/02/06 19:17:23 Environment  : DEV
2024/02/06 19:17:23 authHandlers Initalizing the token request for : DEV
2024/02/06 19:17:23 Auth Module : getAccessToken func call
2024/02/06 19:17:23 Token data: {TestBearer 1755 1707227212 120 read write}
2024/02/06 19:17:23 Auth Module : No token found
2024/02/06 19:17:23 Auth Module : GetAccessToken func call
2024/02/06 19:17:23 Initating the API Request
2024/02/06 19:17:23 Servie API : API Request Started 
2024/02/06 19:17:23 Servie API : HTTP GET call
2024/02/06 19:18:09 HTTP Handler function execution started
2024/02/06 19:18:09 Environment  : SIT
2024/02/06 19:18:09 authHandlers Initalizing the token request for : SIT
2024/02/06 19:18:09 Auth Module : getAccessToken func call
2024/02/06 19:18:09 Token data: {  0 0 }
2024/02/06 19:18:09 Auth Module : New token request initiated
2024/02/06 19:18:09 Auth Module : Error performing HTTP request to IDP service:: Post "http://127.0.0.1:8081/generate-token": dial tcp 127.0.0.1:8081: connect: connection refused
2024/02/06 19:18:09 Auth Module get Acesstoken Initialize error: Post "http://127.0.0.1:8081/generate-token": dial tcp 127.0.0.1:8081: connect: connection refused
2024/02/06 19:24:03 HTTP Handler function execution started
2024/02/06 19:24:03 Environment  : SIT
2024/02/06 19:24:03 authHandlers Initalizing the token request for : SIT
2024/02/06 19:24:03 Auth Module : getAccessToken func call
2024/02/06 19:24:03 Token data: {  0 0 }
2024/02/06 19:24:03 Auth Module : New token request initiated
2024/02/06 19:24:03 Auth Module : Error performing HTTP request to IDP service:: Post "http://127.0.0.1:8081/generate-token": dial tcp 127.0.0.1:8081: connect: connection refused
2024/02/06 19:24:03 Auth Module get Acesstoken Initialize error: Post "http://127.0.0.1:8081/generate-token": dial tcp 127.0.0.1:8081: connect: connection refused
2024/02/06 19:28:10 HTTP Handler function execution started
2024/02/06 19:28:10 Environment  : DEV
2024/02/06 19:28:10 authHandlers Initalizing the token request for : DEV
2024/02/06 19:28:10 Auth Module : getAccessToken func call
2024/02/06 19:28:10 Token data: {TestBearer 1755 1707227212 120 read write}
2024/02/06 19:28:10 Auth Module : No token found
2024/02/06 19:28:10 Auth Module : New token request initiated
2024/02/06 19:28:10 Auth Module : GetAccessToken func call
2024/02/06 19:28:10 Initating the API Request
2024/02/06 19:28:10 Servie API : API Request Started 
2024/02/06 19:28:10 Servie API : HTTP GET call
2024/02/06 19:28:12 HTTP Handler function execution started
2024/02/06 19:28:12 Environment  : SIT
2024/02/06 19:28:12 authHandlers Initalizing the token request for : SIT
2024/02/06 19:28:12 Auth Module : getAccessToken func call
2024/02/06 19:28:12 Token data: {  0 0 }
2024/02/06 19:28:12 Auth Module : New token request initiated
2024/02/06 19:28:12 Auth Module : Error performing HTTP request to IDP service:: Post "http://127.0.0.1:8081/generate-token": dial tcp 127.0.0.1:8081: connect: connection refused
2024/02/06 19:28:12 Auth Module get Acesstoken Initialize error: Post "http://127.0.0.1:8081/generate-token": dial tcp 127.0.0.1:8081: connect: connection refused
2024/02/06 19:56:36 Sidecard Authentication service started ....
2024/02/06 19:56:36 Error : loading configuration: json: cannot unmarshal number into Go struct field Config.AuthConfig of type config.AuthConfig
2024/02/06 19:56:36 Configuration file loaded sucessfully: config.json
2024/02/06 19:56:36 Authentication handler initiation started
2024/02/06 19:56:36 Auth Module :  Authentication Handler initailizing:: PERF
2024/02/06 19:56:36 Auth Module :  Authentication Handler initailizing:: STAGE
2024/02/06 19:56:36 Auth Module :  Authentication Handler initailizing:: PROD
2024/02/06 19:56:36 Auth Module :  Authentication Handler initailizing:: timeout
2024/02/06 19:56:36 Auth Module :  Authentication Handler initailizing:: DEV
2024/02/06 19:56:36 Auth Module :  Authentication Handler initailizing:: SIT
2024/02/06 19:56:36 Auth Module :  Authentication Handler initailizing:: UAT
2024/02/06 19:56:43 HTTP Handler function execution started
2024/02/06 19:56:43 Environment  : SIT
2024/02/06 19:56:43 authHandlers Initalizing the token request for : SIT
2024/02/06 19:56:43 Auth Module : getAccessToken func call
2024/02/06 19:56:43 Token data: {  0 0 }
2024/02/06 19:56:43 Auth Module : New token request initiated
2024/02/06 19:56:43 Auth Module : Error performing HTTP request to IDP service:: Post "http://127.0.0.1:8081/generate-token": dial tcp 127.0.0.1:8081: connect: connection refused
2024/02/06 19:56:43 Auth Module get Acesstoken Initialize error: Post "http://127.0.0.1:8081/generate-token": dial tcp 127.0.0.1:8081: connect: connection refused
2024/02/06 19:56:58 HTTP Handler function execution started
2024/02/06 19:56:58 Environment  : DEV
2024/02/06 19:56:58 authHandlers Initalizing the token request for : DEV
2024/02/06 19:56:58 Auth Module : getAccessToken func call
2024/02/06 19:56:58 Token data: {  0 0 }
2024/02/06 19:56:58 Auth Module : New token request initiated
2024/02/06 19:56:58 Auth Module : GetAccessToken func call
2024/02/06 19:56:58 Initating the API Request
2024/02/06 19:56:58 Servie API : API Request Started 
2024/02/06 19:56:58 Servie API : HTTP GET call
2024/02/06 19:57:20 HTTP Handler function execution started
2024/02/06 19:57:20 Environment  : SIT
2024/02/06 19:57:20 authHandlers Initalizing the token request for : SIT
2024/02/06 19:57:20 Auth Module : getAccessToken func call
2024/02/06 19:57:20 Token data: {  0 0 }
2024/02/06 19:57:20 Auth Module : New token request initiated
2024/02/06 19:57:20 Auth Module : Error performing HTTP request to IDP service:: Post "http://127.0.0.1:8081/generate-token": dial tcp 127.0.0.1:8081: connect: connection refused
2024/02/06 19:57:20 Auth Module get Acesstoken Initialize error: Post "http://127.0.0.1:8081/generate-token": dial tcp 127.0.0.1:8081: connect: connection refused
2024/02/06 20:28:34 Error : CONFIG_FILE_PATH environment variable not set. Program Exit
2024/02/06 20:28:56 Sidecard Authentication service started ....
2024/02/06 20:28:56 Error : loading configuration: json: cannot unmarshal number into Go struct field Config.AuthConfig of type config.AuthConfig
2024/02/06 20:28:56 Configuration file loaded sucessfully: config.json
2024/02/06 20:28:56 Authentication handler initiation started
2024/02/06 20:28:56 Auth Module :  Authentication Handler initailizing:: timeout
2024/02/06 20:28:56 Auth Module :  Authentication Handler initailizing:: DEV
2024/02/06 20:28:56 Auth Module :  Authentication Handler initailizing:: SIT
2024/02/06 20:28:56 Auth Module :  Authentication Handler initailizing:: UAT
2024/02/06 20:28:56 Auth Module :  Authentication Handler initailizing:: PERF
2024/02/06 20:28:56 Auth Module :  Authentication Handler initailizing:: STAGE
2024/02/06 20:28:56 Auth Module :  Authentication Handler initailizing:: PROD
2024/02/06 20:29:18 HTTP Handler function execution started
2024/02/06 20:29:18 Environment  : DEV
2024/02/06 20:29:18 authHandlers Initalizing the token request for : DEV
2024/02/06 20:29:18 Auth Module : getAccessToken func call
2024/02/06 20:29:18 Token data: {  0 0 }
2024/02/06 20:29:18 Auth Module : New token request initiated
2024/02/06 20:29:18 Auth Module : GetAccessToken func call
2024/02/06 20:29:18 Initating the API Request
2024/02/06 20:29:18 Servie API : API Request Started 
2024/02/06 20:29:18 Servie API : HTTP GET call
2024/02/06 20:29:18 http: superfluous response.WriteHeader call from main.main.func1 (main.go:130)
2024/02/06 20:29:18 Error making request:: error making request: Get "https://127.0.0.1:8445/api": http: server gave HTTP response to HTTPS client
2024/02/06 20:29:36 HTTP Handler function execution started
2024/02/06 20:29:36 Environment  : SIT
2024/02/06 20:29:36 authHandlers Initalizing the token request for : SIT
2024/02/06 20:29:36 Auth Module : getAccessToken func call
2024/02/06 20:29:36 Token data: {  0 0 }
2024/02/06 20:29:36 Auth Module : New token request initiated
2024/02/06 20:29:36 Auth Module : Error performing HTTP request to IDP service:: Post "http://127.0.0.1:8081/generate-token": dial tcp 127.0.0.1:8081: connect: connection refused
2024/02/06 20:29:36 Auth Module get Acesstoken Initialize error: Post "http://127.0.0.1:8081/generate-token": dial tcp 127.0.0.1:8081: connect: connection refused
2024/02/06 20:32:47 HTTP Handler function execution started
2024/02/06 20:32:47 Environment  : SIT
2024/02/06 20:32:47 authHandlers Initalizing the token request for : SIT
2024/02/06 20:32:47 Auth Module : getAccessToken func call
2024/02/06 20:32:47 Token data: {  0 0 }
2024/02/06 20:32:47 Auth Module : New token request initiated
2024/02/06 20:32:47 Auth Module : GetAccessToken func call
2024/02/06 20:32:47 Initating the API Request
2024/02/06 20:32:47 Servie API : API Request Started 
2024/02/06 20:32:47 Servie API : HTTP GET call
2024/02/06 20:32:47 http: superfluous response.WriteHeader call from main.main.func1 (main.go:130)
2024/02/06 20:32:47 Error making request:: error making request: Get "https://127.0.0.1:8446/api": dial tcp 127.0.0.1:8446: connect: connection refused
2024/02/06 20:32:56 HTTP Handler function execution started
2024/02/06 20:32:56 Environment  : SIT
2024/02/06 20:32:56 authHandlers Initalizing the token request for : SIT
2024/02/06 20:32:56 Auth Module : getAccessToken func call
2024/02/06 20:32:56 Token data: {TestBearer 5221 1707231767 120 read write}
2024/02/06 20:32:56 Auth Module : No token found
2024/02/06 20:32:56 Auth Module : GetAccessToken func call
2024/02/06 20:32:56 Initating the API Request
2024/02/06 20:32:56 Servie API : API Request Started 
2024/02/06 20:32:56 Servie API : HTTP GET call
2024/02/06 20:32:56 http: superfluous response.WriteHeader call from main.main.func1 (main.go:130)
2024/02/06 20:32:56 Error making request:: error making request: Get "https://127.0.0.1:8446/api": dial tcp 127.0.0.1:8446: connect: connection refused
2024/02/06 20:33:00 HTTP Handler function execution started
2024/02/06 20:33:00 Environment  : DEV
2024/02/06 20:33:00 authHandlers Initalizing the token request for : DEV
2024/02/06 20:33:00 Auth Module : getAccessToken func call
2024/02/06 20:33:00 Token data: {TestBearer 8940 1707231558 120 read write}
2024/02/06 20:33:00 Auth Module : No token found
2024/02/06 20:33:00 Auth Module : New token request initiated
2024/02/06 20:33:00 Auth Module : GetAccessToken func call
2024/02/06 20:33:00 Initating the API Request
2024/02/06 20:33:00 Servie API : API Request Started 
2024/02/06 20:33:00 Servie API : HTTP GET call
2024/02/06 20:33:00 http: superfluous response.WriteHeader call from main.main.func1 (main.go:130)
2024/02/06 20:33:00 Error making request:: error making request: Get "https://127.0.0.1:8445/api": http: server gave HTTP response to HTTPS client
2024/02/06 20:33:03 HTTP Handler function execution started
2024/02/06 20:33:03 Environment  : DEV
2024/02/06 20:33:03 authHandlers Initalizing the token request for : DEV
2024/02/06 20:33:03 Auth Module : getAccessToken func call
2024/02/06 20:33:03 Token data: {TestBearer 6508 1707231780 120 read write}
2024/02/06 20:33:03 Auth Module : No token found
2024/02/06 20:33:03 Auth Module : GetAccessToken func call
2024/02/06 20:33:03 Initating the API Request
2024/02/06 20:33:03 Servie API : API Request Started 
2024/02/06 20:33:03 Servie API : HTTP GET call
2024/02/06 20:33:03 http: superfluous response.WriteHeader call from main.main.func1 (main.go:130)
2024/02/06 20:33:03 Error making request:: error making request: Get "https://127.0.0.1:8445/api": http: server gave HTTP response to HTTPS client
2024/02/06 20:33:07 HTTP Handler function execution started
2024/02/06 20:33:07 Environment  : SIT
2024/02/06 20:33:07 authHandlers Initalizing the token request for : SIT
2024/02/06 20:33:07 Auth Module : getAccessToken func call
2024/02/06 20:33:07 Token data: {TestBearer 5221 1707231767 120 read write}
2024/02/06 20:33:07 Auth Module : No token found
2024/02/06 20:33:07 Auth Module : GetAccessToken func call
2024/02/06 20:33:07 Initating the API Request
2024/02/06 20:33:07 Servie API : API Request Started 
2024/02/06 20:33:07 Servie API : HTTP GET call
2024/02/06 20:33:07 http: superfluous response.WriteHeader call from main.main.func1 (main.go:130)
2024/02/06 20:33:07 Error making request:: error making request: Get "https://127.0.0.1:8446/api": dial tcp 127.0.0.1:8446: connect: connection refused
