2024/02/04 00:00:33 Sidecard Authentication service started ....
2024/02/04 00:00:33 Configuration file loaded sucessfully: config.json
2024/02/04 00:00:33 Authentication handler initiation started
2024/02/04 00:00:33 Auth Module :  Authentication Handler initailizing:: SIT
2024/02/04 00:00:33 Auth Module :  Authentication Handler initailizing:: UAT
2024/02/04 00:00:33 Auth Module :  Authentication Handler initailizing:: PERF
2024/02/04 00:00:33 Auth Module :  Authentication Handler initailizing:: STAGE
2024/02/04 00:00:33 Auth Module :  Authentication Handler initailizing:: PROD
2024/02/04 00:00:33 Auth Module :  Authentication Handler initailizing:: DEV
2024/02/04 00:00:39 HTTP Handler function execution started
2024/02/04 00:00:39 Environment  : DEV
2024/02/04 00:00:39 authHandlers Initalizing the token request for  : DEV
2024/02/04 00:00:39 Auth Module : getAccessToken func call
2024/02/04 00:00:39 Token data: {  0 0 }
2024/02/04 00:00:39 Auth Module : New token request initiated
2024/02/04 00:07:14 Sidecard Authentication service started ....
2024/02/04 00:07:14 Error : loading configuration: json: cannot unmarshal number into Go struct field Config.AuthConfig of type config.AuthConfig
2024/02/04 00:07:14 Configuration file loaded sucessfully: config.json
2024/02/04 00:07:14 Authentication handler initiation started
2024/02/04 00:07:14 Auth Module :  Authentication Handler initailizing:: STAGE
2024/02/04 00:07:14 Auth Module :  Authentication Handler initailizing:: PROD
2024/02/04 00:07:14 Auth Module :  Authentication Handler initailizing:: timeout
2024/02/04 00:07:14 Auth Module :  Authentication Handler initailizing:: DEV
2024/02/04 00:07:14 Auth Module :  Authentication Handler initailizing:: SIT
2024/02/04 00:07:14 Auth Module :  Authentication Handler initailizing:: UAT
2024/02/04 00:07:14 Auth Module :  Authentication Handler initailizing:: PERF
2024/02/04 00:07:19 HTTP Handler function execution started
2024/02/04 00:07:19 Environment  : DEV
2024/02/04 00:07:19 authHandlers Initalizing the token request for  : DEV
2024/02/04 00:07:19 Auth Module : getAccessToken func call
2024/02/04 00:07:19 Token data: {  0 0 }
2024/02/04 00:07:19 Auth Module : New token request initiated
2024/02/04 00:10:45 Sidecard Authentication service started ....
2024/02/04 00:10:45 Error : loading configuration: json: cannot unmarshal number into Go struct field Config.AuthConfig of type config.AuthConfig
2024/02/04 00:10:45 Configuration file loaded sucessfully: config.json
2024/02/04 00:10:45 Authentication handler initiation started
2024/02/04 00:10:45 Auth Module :  Authentication Handler initailizing:: PROD
2024/02/04 00:10:45 Auth Module :  Authentication Handler initailizing:: timeout
2024/02/04 00:10:45 Auth Module :  Authentication Handler initailizing:: DEV
2024/02/04 00:10:45 Auth Module :  Authentication Handler initailizing:: SIT
2024/02/04 00:10:45 Auth Module :  Authentication Handler initailizing:: UAT
2024/02/04 00:10:45 Auth Module :  Authentication Handler initailizing:: PERF
2024/02/04 00:10:45 Auth Module :  Authentication Handler initailizing:: STAGE
2024/02/04 00:10:51 HTTP Handler function execution started
2024/02/04 00:10:51 Environment  : DEV
2024/02/04 00:10:51 authHandlers Initalizing the token request for  : DEV
2024/02/04 00:10:51 Auth Module : getAccessToken func call
2024/02/04 00:10:51 Token data: {  0 0 }
2024/02/04 00:10:51 Auth Module : New token request initiated
2024/02/04 00:11:35 Sidecard Authentication service started ....
2024/02/04 00:11:35 Error : loading configuration: json: cannot unmarshal number into Go struct field Config.AuthConfig of type config.AuthConfig
2024/02/04 00:11:35 Configuration file loaded sucessfully: config.json
2024/02/04 00:11:35 Authentication handler initiation started
2024/02/04 00:11:35 Auth Module :  Authentication Handler initailizing:: DEV
2024/02/04 00:11:35 Auth Module :  Authentication Handler initailizing:: SIT
2024/02/04 00:11:35 Auth Module :  Authentication Handler initailizing:: UAT
2024/02/04 00:11:35 Auth Module :  Authentication Handler initailizing:: PERF
2024/02/04 00:11:35 Auth Module :  Authentication Handler initailizing:: STAGE
2024/02/04 00:11:35 Auth Module :  Authentication Handler initailizing:: PROD
2024/02/04 00:11:35 Auth Module :  Authentication Handler initailizing:: timeout
2024/02/04 00:11:44 HTTP Handler function execution started
2024/02/04 00:11:44 Environment  : DEV
2024/02/04 00:11:44 authHandlers Initalizing the token request for  : DEV
2024/02/04 00:11:44 Auth Module : getAccessToken func call
2024/02/04 00:11:44 Token data: {  0 0 }
2024/02/04 00:11:44 Auth Module : New token request initiated
2024/02/04 00:11:44 Auth Module : : &{<nil> <nil> <nil> 10s}
2024/02/04 00:12:27 Sidecard Authentication service started ....
2024/02/04 00:12:28 Error : loading configuration: json: cannot unmarshal number into Go struct field Config.AuthConfig of type config.AuthConfig
2024/02/04 00:12:28 Configuration file loaded sucessfully: config.json
2024/02/04 00:12:28 Authentication handler initiation started
2024/02/04 00:12:28 Auth Module :  Authentication Handler initailizing:: SIT
2024/02/04 00:12:28 Auth Module :  Authentication Handler initailizing:: UAT
2024/02/04 00:12:28 Auth Module :  Authentication Handler initailizing:: PERF
2024/02/04 00:12:28 Auth Module :  Authentication Handler initailizing:: STAGE
2024/02/04 00:12:28 Auth Module :  Authentication Handler initailizing:: PROD
2024/02/04 00:12:28 Auth Module :  Authentication Handler initailizing:: timeout
2024/02/04 00:12:28 Auth Module :  Authentication Handler initailizing:: DEV
2024/02/04 00:12:33 HTTP Handler function execution started
2024/02/04 00:12:33 Environment  : DEV
2024/02/04 00:12:33 authHandlers Initalizing the token request for  : DEV
2024/02/04 00:12:33 Auth Module : getAccessToken func call
2024/02/04 00:12:33 Token data: {  0 0 }
2024/02/04 00:12:33 Auth Module : New token request initiated
2024/02/04 00:12:33 Auth Module : : &{POST http://127.0.0.1:8080/generate-token HTTP/1.1 1 1 map[Authorization:[Basic 123abc] Content-Type:[application/x-www-form-urlencoded]] {0xc0001a6060} 0x123fb60 29 [] false 127.0.0.1:8080 map[] map[] <nil> map[]   <nil> <nil> <nil> 0xc00001a0a8}
2024/02/04 00:16:18 Sidecard Authentication service started ....
2024/02/04 00:16:18 Error : loading configuration: json: cannot unmarshal number into Go struct field Config.AuthConfig of type config.AuthConfig
2024/02/04 00:16:18 Configuration file loaded sucessfully: config.json
2024/02/04 00:16:18 Authentication handler initiation started
2024/02/04 00:16:18 Auth Module :  Authentication Handler initailizing:: PROD
2024/02/04 00:16:18 Auth Module :  Authentication Handler initailizing:: timeout
2024/02/04 00:16:18 Auth Module :  Authentication Handler initailizing:: DEV
2024/02/04 00:16:18 Auth Module :  Authentication Handler initailizing:: SIT
2024/02/04 00:16:18 Auth Module :  Authentication Handler initailizing:: UAT
2024/02/04 00:16:18 Auth Module :  Authentication Handler initailizing:: PERF
2024/02/04 00:16:18 Auth Module :  Authentication Handler initailizing:: STAGE
2024/02/04 00:16:25 HTTP Handler function execution started
2024/02/04 00:16:25 Environment  : DEV
2024/02/04 00:16:25 authHandlers Initalizing the token request for  : DEV
2024/02/04 00:16:25 Auth Module : getAccessToken func call
2024/02/04 00:16:25 Token data: {  0 0 }
2024/02/04 00:16:25 Auth Module : New token request initiated
2024/02/04 00:16:25 Auth Module : : &{POST http://127.0.0.1:8080/generate-token HTTP/1.1 1 1 map[Authorization:[Basic 123abc] Content-Type:[application/x-www-form-urlencoded]] {0xc000310060} 0x123fb60 29 [] false 127.0.0.1:8080 map[] map[] <nil> map[]   <nil> <nil> <nil> 0xc0000ae008}
2024/02/04 00:17:13 Sidecard Authentication service started ....
2024/02/04 00:17:13 Error : loading configuration: json: cannot unmarshal number into Go struct field Config.AuthConfig of type config.AuthConfig
2024/02/04 00:17:13 Configuration file loaded sucessfully: config.json
2024/02/04 00:17:13 Authentication handler initiation started
2024/02/04 00:17:13 Auth Module :  Authentication Handler initailizing:: PROD
2024/02/04 00:17:13 Auth Module :  Authentication Handler initailizing:: timeout
2024/02/04 00:17:13 Auth Module :  Authentication Handler initailizing:: DEV
2024/02/04 00:17:13 Auth Module :  Authentication Handler initailizing:: SIT
2024/02/04 00:17:13 Auth Module :  Authentication Handler initailizing:: UAT
2024/02/04 00:17:13 Auth Module :  Authentication Handler initailizing:: PERF
2024/02/04 00:17:13 Auth Module :  Authentication Handler initailizing:: STAGE
2024/02/04 00:17:18 HTTP Handler function execution started
2024/02/04 00:17:18 Environment  : DEV
2024/02/04 00:17:18 authHandlers Initalizing the token request for  : DEV
2024/02/04 00:17:18 Auth Module : getAccessToken func call
2024/02/04 00:17:18 Token data: {  0 0 }
2024/02/04 00:17:18 Auth Module : New token request initiated
2024/02/04 00:17:18 Auth Module : : &{POST http://127.0.0.1:8080/generate-token HTTP/1.1 1 1 map[Authorization:[Basic 123abc] Content-Type:[application/x-www-form-urlencoded]] {0xc0001aa060} 0x123fb60 29 [] false 127.0.0.1:8080 map[] map[] <nil> map[]   <nil> <nil> <nil> 0xc00001a0a8}
2024/02/04 00:19:20 Sidecard Authentication service started ....
2024/02/04 00:19:20 Error : loading configuration: json: cannot unmarshal number into Go struct field Config.AuthConfig of type config.AuthConfig
2024/02/04 00:19:20 Configuration file loaded sucessfully: config.json
2024/02/04 00:19:20 Authentication handler initiation started
2024/02/04 00:19:20 Auth Module :  Authentication Handler initailizing:: SIT
2024/02/04 00:19:20 Auth Module :  Authentication Handler initailizing:: UAT
2024/02/04 00:19:20 Auth Module :  Authentication Handler initailizing:: PERF
2024/02/04 00:19:20 Auth Module :  Authentication Handler initailizing:: STAGE
2024/02/04 00:19:20 Auth Module :  Authentication Handler initailizing:: PROD
2024/02/04 00:19:20 Auth Module :  Authentication Handler initailizing:: timeout
2024/02/04 00:19:20 Auth Module :  Authentication Handler initailizing:: DEV
2024/02/04 00:19:29 HTTP Handler function execution started
2024/02/04 00:19:29 Environment  : DEV
2024/02/04 00:19:29 authHandlers Initalizing the token request for  : DEV
2024/02/04 00:19:29 Auth Module : getAccessToken func call
2024/02/04 00:19:29 Token data: {  0 0 }
2024/02/04 00:19:29 Auth Module : New token request initiated
2024/02/04 00:19:29 Auth Module : : &{POST http://127.0.0.1:8080/generate-token HTTP/1.1 1 1 map[Authorization:[Basic 123abc] Content-Type:[application/x-www-form-urlencoded]] {0xc000290060} 0x123fb60 29 [] false 127.0.0.1:8080 map[] map[] <nil> map[]   <nil> <nil> <nil> 0xc0000ae008}
2024/02/04 00:20:16 HTTP Handler function execution started
2024/02/04 00:20:16 Environment  : PERF
2024/02/04 00:20:16 authHandlers Initalizing the token request for  : PERF
2024/02/04 00:20:16 Auth Module : getAccessToken func call
2024/02/04 00:20:16 Token data: {  0 0 }
2024/02/04 00:20:16 Auth Module : New token request initiated
2024/02/04 00:20:16 Auth Module : : &{POST http://127.0.0.1:8083/generate-token HTTP/1.1 1 1 map[Authorization:[Basic 123abc] Content-Type:[application/x-www-form-urlencoded]] {0xc0001a6060} 0x123fb60 29 [] false 127.0.0.1:8083 map[] map[] <nil> map[]   <nil> <nil> <nil> 0xc0000ae008}
2024/02/04 00:21:33 Sidecard Authentication service started ....
2024/02/04 00:21:33 Error : loading configuration: json: cannot unmarshal number into Go struct field Config.AuthConfig of type config.AuthConfig
2024/02/04 00:21:33 Configuration file loaded sucessfully: config.json
2024/02/04 00:21:33 Authentication handler initiation started
2024/02/04 00:21:33 Auth Module :  Authentication Handler initailizing:: DEV
2024/02/04 00:21:33 Auth Module :  Authentication Handler initailizing:: SIT
2024/02/04 00:21:33 Auth Module :  Authentication Handler initailizing:: UAT
2024/02/04 00:21:33 Auth Module :  Authentication Handler initailizing:: PERF
2024/02/04 00:21:33 Auth Module :  Authentication Handler initailizing:: STAGE
2024/02/04 00:21:33 Auth Module :  Authentication Handler initailizing:: PROD
2024/02/04 00:21:33 Auth Module :  Authentication Handler initailizing:: timeout
2024/02/04 00:21:37 HTTP Handler function execution started
2024/02/04 00:21:37 Environment  : PERF
2024/02/04 00:21:37 authHandlers Initalizing the token request for  : PERF
2024/02/04 00:21:37 Auth Module : getAccessToken func call
2024/02/04 00:21:37 Token data: {  0 0 }
2024/02/04 00:21:37 Auth Module : New token request initiated
2024/02/04 00:21:37 Auth Module : : &{POST http://127.0.0.1:8083/generate-token HTTP/1.1 1 1 map[Authorization:[Basic 123abc] Content-Type:[application/x-www-form-urlencoded]] {0xc000064080} 0x123fb60 29 [] false 127.0.0.1:8083 map[] map[] <nil> map[]   <nil> <nil> <nil> 0xc0000ae008}
2024/02/04 00:21:37 Error performing HTTP request:: Post "http://127.0.0.1:8083/generate-token": dial tcp 127.0.0.1:8083: connect: connection refused
2024/02/04 00:22:50 Sidecard Authentication service started ....
2024/02/04 00:22:50 Error : loading configuration: json: cannot unmarshal number into Go struct field Config.AuthConfig of type config.AuthConfig
2024/02/04 00:22:50 Configuration file loaded sucessfully: config.json
2024/02/04 00:22:50 Authentication handler initiation started
2024/02/04 00:22:50 Auth Module :  Authentication Handler initailizing:: timeout
2024/02/04 00:22:50 Auth Module :  Authentication Handler initailizing:: DEV
2024/02/04 00:22:50 Auth Module :  Authentication Handler initailizing:: SIT
2024/02/04 00:22:50 Auth Module :  Authentication Handler initailizing:: UAT
2024/02/04 00:22:50 Auth Module :  Authentication Handler initailizing:: PERF
2024/02/04 00:22:50 Auth Module :  Authentication Handler initailizing:: STAGE
2024/02/04 00:22:50 Auth Module :  Authentication Handler initailizing:: PROD
2024/02/04 00:22:56 HTTP Handler function execution started
2024/02/04 00:22:56 Environment  : PERF
2024/02/04 00:22:56 authHandlers Initalizing the token request for  : PERF
2024/02/04 00:22:56 Auth Module : getAccessToken func call
2024/02/04 00:22:56 Token data: {  0 0 }
2024/02/04 00:22:56 Auth Module : New token request initiated
2024/02/04 00:22:56 Auth Module : : &{POST http://127.0.0.1:8083/generate-token HTTP/1.1 1 1 map[Authorization:[Basic 123abc] Content-Type:[application/x-www-form-urlencoded]] {0xc00022a060} 0x123fb60 29 [] false 127.0.0.1:8083 map[] map[] <nil> map[]   <nil> <nil> <nil> 0xc00001a0a8}
2024/02/04 00:22:56 Error performing HTTP request:: Post "http://127.0.0.1:8083/generate-token": dial tcp 127.0.0.1:8083: connect: connection refused
2024/02/04 00:23:11 Sidecard Authentication service started ....
2024/02/04 00:23:11 Error : loading configuration: json: cannot unmarshal number into Go struct field Config.AuthConfig of type config.AuthConfig
2024/02/04 00:23:11 Configuration file loaded sucessfully: config.json
2024/02/04 00:23:11 Authentication handler initiation started
2024/02/04 00:23:11 Auth Module :  Authentication Handler initailizing:: PERF
2024/02/04 00:23:11 Auth Module :  Authentication Handler initailizing:: STAGE
2024/02/04 00:23:11 Auth Module :  Authentication Handler initailizing:: PROD
2024/02/04 00:23:11 Auth Module :  Authentication Handler initailizing:: timeout
2024/02/04 00:23:11 Auth Module :  Authentication Handler initailizing:: DEV
2024/02/04 00:23:11 Auth Module :  Authentication Handler initailizing:: SIT
2024/02/04 00:23:11 Auth Module :  Authentication Handler initailizing:: UAT
2024/02/04 00:25:49 Sidecard Authentication service started ....
2024/02/04 00:25:49 Error : loading configuration: json: cannot unmarshal number into Go struct field Config.AuthConfig of type config.AuthConfig
2024/02/04 00:25:49 Configuration file loaded sucessfully: config.json
2024/02/04 00:25:49 Authentication handler initiation started
2024/02/04 00:25:49 Auth Module :  Authentication Handler initailizing:: UAT
2024/02/04 00:25:49 Auth Module :  Authentication Handler initailizing:: PERF
2024/02/04 00:25:49 Auth Module :  Authentication Handler initailizing:: STAGE
2024/02/04 00:25:49 Auth Module :  Authentication Handler initailizing:: PROD
2024/02/04 00:25:49 Auth Module :  Authentication Handler initailizing:: timeout
2024/02/04 00:25:49 Auth Module :  Authentication Handler initailizing:: DEV
2024/02/04 00:25:49 Auth Module :  Authentication Handler initailizing:: SIT
2024/02/04 00:25:53 HTTP Handler function execution started
2024/02/04 00:25:53 Environment  : PERF
2024/02/04 00:25:53 authHandlers Initalizing the token request for  : PERF
2024/02/04 00:25:53 Auth Module : getAccessToken func call
2024/02/04 00:25:53 Token data: {  0 0 }
2024/02/04 00:25:53 Auth Module : New token request initiated
2024/02/04 00:25:53 Auth Module : : &{POST http://127.0.0.1:8083/generate-token HTTP/1.1 1 1 map[Authorization:[Basic 123abc] Content-Type:[application/x-www-form-urlencoded]] {0xc0000c2060} 0x123fb60 29 [] false 127.0.0.1:8083 map[] map[] <nil> map[]   <nil> <nil> <nil> 0xc00001a0a8}
2024/02/04 00:25:53 Error performing HTTP request:: Post "http://127.0.0.1:8083/generate-token": dial tcp 127.0.0.1:8083: connect: connection refused
2024/02/04 00:28:40 Sidecard Authentication service started ....
2024/02/04 00:28:40 Error : loading configuration: json: cannot unmarshal number into Go struct field Config.AuthConfig of type config.AuthConfig
2024/02/04 00:28:40 Configuration file loaded sucessfully: config.json
2024/02/04 00:28:40 Authentication handler initiation started
2024/02/04 00:28:40 Auth Module :  Authentication Handler initailizing:: DEV
2024/02/04 00:28:40 Auth Module :  Authentication Handler initailizing:: SIT
2024/02/04 00:28:40 Auth Module :  Authentication Handler initailizing:: UAT
2024/02/04 00:28:40 Auth Module :  Authentication Handler initailizing:: PERF
2024/02/04 00:28:40 Auth Module :  Authentication Handler initailizing:: STAGE
2024/02/04 00:28:40 Auth Module :  Authentication Handler initailizing:: PROD
2024/02/04 00:28:40 Auth Module :  Authentication Handler initailizing:: timeout
2024/02/04 00:28:43 HTTP Handler function execution started
2024/02/04 00:28:43 Environment  : PERF
2024/02/04 00:28:43 authHandlers Initalizing the token request for  : PERF
2024/02/04 00:28:43 Auth Module : getAccessToken func call
2024/02/04 00:28:43 Token data: {  0 0 }
2024/02/04 00:28:43 Auth Module : New token request initiated
2024/02/04 00:28:43 Auth Module : : &{POST http://127.0.0.1:8083/generate-token HTTP/1.1 1 1 map[Authorization:[Basic 123abc] Content-Type:[application/x-www-form-urlencoded]] {0xc000310060} 0x123fb60 29 [] false 127.0.0.1:8083 map[] map[] <nil> map[]   <nil> <nil> <nil> 0xc000126008}
2024/02/04 00:28:43 Error performing HTTP request:: Post "http://127.0.0.1:8083/generate-token": dial tcp 127.0.0.1:8083: connect: connection refused
2024/02/04 00:29:03 HTTP Handler function execution started
2024/02/04 00:29:03 Environment  : PERF
2024/02/04 00:29:03 authHandlers Initalizing the token request for  : PERF
2024/02/04 00:29:03 Auth Module : getAccessToken func call
2024/02/04 00:29:34 HTTP Handler function execution started
2024/02/04 00:29:34 Environment  : DEV
2024/02/04 00:29:34 authHandlers Initalizing the token request for  : DEV
2024/02/04 00:29:34 Auth Module : getAccessToken func call
2024/02/04 00:29:34 Token data: {  0 0 }
2024/02/04 00:29:34 Auth Module : New token request initiated
2024/02/04 00:29:34 Auth Module : : &{POST http://127.0.0.1:8080/generate-token HTTP/1.1 1 1 map[Authorization:[Basic 123abc] Content-Type:[application/x-www-form-urlencoded]] {0xc000210080} 0x123fb60 29 [] false 127.0.0.1:8080 map[] map[] <nil> map[]   <nil> <nil> <nil> 0xc000126008}
2024/02/04 00:29:34 Error performing HTTP request:: Post "http://127.0.0.1:8080/generate-token": dial tcp 127.0.0.1:8080: connect: connection refused
2024/02/04 00:32:05 Sidecard Authentication service started ....
2024/02/04 00:32:05 Error : loading configuration: json: cannot unmarshal number into Go struct field Config.AuthConfig of type config.AuthConfig
2024/02/04 00:32:05 Configuration file loaded sucessfully: config.json
2024/02/04 00:32:05 Authentication handler initiation started
2024/02/04 00:32:05 Auth Module :  Authentication Handler initailizing:: PROD
2024/02/04 00:32:05 Auth Module :  Authentication Handler initailizing:: timeout
2024/02/04 00:32:05 Auth Module :  Authentication Handler initailizing:: DEV
2024/02/04 00:32:05 Auth Module :  Authentication Handler initailizing:: SIT
2024/02/04 00:32:05 Auth Module :  Authentication Handler initailizing:: UAT
2024/02/04 00:32:05 Auth Module :  Authentication Handler initailizing:: PERF
2024/02/04 00:32:05 Auth Module :  Authentication Handler initailizing:: STAGE
2024/02/04 00:32:11 HTTP Handler function execution started
2024/02/04 00:32:11 Environment  : DEV
2024/02/04 00:32:11 authHandlers Initalizing the token request for  : DEV
2024/02/04 00:32:11 Auth Module : getAccessToken func call
2024/02/04 00:32:11 Token data: {  0 0 }
2024/02/04 00:32:11 Auth Module : New token request initiated
2024/02/04 00:32:11 Auth Module : : &{POST http://127.0.0.1:8080/generate-token HTTP/1.1 1 1 map[Authorization:[Basic 123abc] Content-Type:[application/x-www-form-urlencoded]] {0xc000310060} 0x123fb60 29 [] false 127.0.0.1:8080 map[] map[] <nil> map[]   <nil> <nil> <nil> 0xc0000ae008}
2024/02/04 00:32:11 Error performing HTTP request:: Post "http://127.0.0.1:8080/generate-token": dial tcp 127.0.0.1:8080: connect: connection refused
2024/02/04 00:35:04 HTTP Handler function execution started
2024/02/04 00:35:04 Environment  : DEV
2024/02/04 00:35:04 authHandlers Initalizing the token request for  : DEV
2024/02/04 00:35:04 Auth Module : getAccessToken func call
2024/02/04 00:35:22 HTTP Handler function execution started
2024/02/04 00:35:22 Environment  : DEV
2024/02/04 00:35:22 authHandlers Initalizing the token request for  : DEV
2024/02/04 00:35:22 Auth Module : getAccessToken func call
2024/02/04 11:32:26 Sidecard Authentication service started ....
2024/02/04 11:32:26 Error : loading configuration: json: cannot unmarshal number into Go struct field Config.AuthConfig of type config.AuthConfig
2024/02/04 11:32:26 Configuration file loaded sucessfully: config.json
2024/02/04 11:32:26 Authentication handler initiation started
2024/02/04 11:32:26 Auth Module :  Authentication Handler initailizing:: timeout
2024/02/04 11:32:26 Auth Module :  Authentication Handler initailizing:: DEV
2024/02/04 11:32:26 Auth Module :  Authentication Handler initailizing:: SIT
2024/02/04 11:32:26 Auth Module :  Authentication Handler initailizing:: UAT
2024/02/04 11:32:26 Auth Module :  Authentication Handler initailizing:: PERF
2024/02/04 11:32:26 Auth Module :  Authentication Handler initailizing:: STAGE
2024/02/04 11:32:26 Auth Module :  Authentication Handler initailizing:: PROD
2024/02/04 11:44:14 HTTP Handler function execution started
2024/02/04 11:44:14 Environment  : PERF
2024/02/04 11:44:14 authHandlers Initalizing the token request for  : PERF
2024/02/04 11:44:14 Auth Module : getAccessToken func call
2024/02/04 11:44:14 Token data: {  0 0 }
2024/02/04 11:44:14 Auth Module : New token request initiated
2024/02/04 11:44:14 Auth Module : : &{POST http://127.0.0.1:8083/generate-token HTTP/1.1 1 1 map[Authorization:[Basic 123abc] Content-Type:[application/x-www-form-urlencoded]] {0xc00031c060} 0x123fb60 29 [] false 127.0.0.1:8083 map[] map[] <nil> map[]   <nil> <nil> <nil> 0xc0000ae008}
2024/02/04 11:44:14 Error performing HTTP request:: Post "http://127.0.0.1:8083/generate-token": dial tcp 127.0.0.1:8083: connect: connection refused
2024/02/04 12:01:33 Sidecard Authentication service started ....
2024/02/04 12:01:33 Error : loading configuration: json: cannot unmarshal number into Go struct field Config.AuthConfig of type config.AuthConfig
2024/02/04 12:01:33 Configuration file loaded sucessfully: config.json
2024/02/04 12:01:33 Authentication handler initiation started
2024/02/04 12:01:33 Auth Module :  Authentication Handler initailizing:: PERF
2024/02/04 12:01:33 Auth Module :  Authentication Handler initailizing:: STAGE
2024/02/04 12:01:33 Auth Module :  Authentication Handler initailizing:: PROD
2024/02/04 12:01:33 Auth Module :  Authentication Handler initailizing:: timeout
2024/02/04 12:01:33 Auth Module :  Authentication Handler initailizing:: DEV
2024/02/04 12:01:33 Auth Module :  Authentication Handler initailizing:: SIT
2024/02/04 12:01:33 Auth Module :  Authentication Handler initailizing:: UAT
2024/02/04 12:01:45 HTTP Handler function execution started
2024/02/04 12:01:45 Environment  : PERF
2024/02/04 12:01:45 authHandlers Initalizing the token request for  : PERF
2024/02/04 12:01:45 Auth Module : getAccessToken func call
2024/02/04 12:01:45 Token data: {  0 0 }
2024/02/04 12:01:45 Auth Module : New token request initiated
2024/02/04 12:01:45 Auth Module : : &{POST http://127.0.0.1:8083/generate-token HTTP/1.1 1 1 map[Authorization:[Basic 123abc] Content-Type:[application/x-www-form-urlencoded]] {0xc0000640a0} 0x123fb60 29 [] false 127.0.0.1:8083 map[] map[] <nil> map[]   <nil> <nil> <nil> 0xc0000ae008}
2024/02/04 12:01:45 Error performing HTTP request:: Post "http://127.0.0.1:8083/generate-token": dial tcp 127.0.0.1:8083: connect: connection refused
2024/02/04 12:02:35 HTTP Handler function execution started
2024/02/04 12:02:35 Environment  : PERF
2024/02/04 12:02:35 authHandlers Initalizing the token request for  : PERF
2024/02/04 12:02:35 Auth Module : getAccessToken func call
2024/02/04 12:04:53 Sidecard Authentication service started ....
2024/02/04 12:04:53 Error : loading configuration: json: cannot unmarshal number into Go struct field Config.AuthConfig of type config.AuthConfig
2024/02/04 12:04:53 Configuration file loaded sucessfully: config.json
2024/02/04 12:04:53 Authentication handler initiation started
2024/02/04 12:04:53 Auth Module :  Authentication Handler initailizing:: SIT
2024/02/04 12:04:53 Auth Module :  Authentication Handler initailizing:: UAT
2024/02/04 12:04:53 Auth Module :  Authentication Handler initailizing:: PERF
2024/02/04 12:04:53 Auth Module :  Authentication Handler initailizing:: STAGE
2024/02/04 12:04:53 Auth Module :  Authentication Handler initailizing:: PROD
2024/02/04 12:04:53 Auth Module :  Authentication Handler initailizing:: timeout
2024/02/04 12:04:53 Auth Module :  Authentication Handler initailizing:: DEV
2024/02/04 12:05:11 HTTP Handler function execution started
2024/02/04 12:05:11 Environment  : PERF
2024/02/04 12:05:11 authHandlers Initalizing the token request for  : PERF
2024/02/04 12:05:11 Auth Module : getAccessToken func call
2024/02/04 12:05:11 Token data: {  0 0 }
2024/02/04 12:05:11 Auth Module : New token request initiated
2024/02/04 12:05:11 Auth Module : Error performing HTTP request:: Post "http://127.0.0.1:8083/generate-token": dial tcp 127.0.0.1:8083: connect: connection refused
2024/02/04 12:06:14 Sidecard Authentication service started ....
2024/02/04 12:06:14 Error : loading configuration: json: cannot unmarshal number into Go struct field Config.AuthConfig of type config.AuthConfig
2024/02/04 12:06:14 Configuration file loaded sucessfully: config.json
2024/02/04 12:06:14 Authentication handler initiation started
2024/02/04 12:06:14 Auth Module :  Authentication Handler initailizing:: STAGE
2024/02/04 12:06:14 Auth Module :  Authentication Handler initailizing:: PROD
2024/02/04 12:06:14 Auth Module :  Authentication Handler initailizing:: timeout
2024/02/04 12:06:14 Auth Module :  Authentication Handler initailizing:: DEV
2024/02/04 12:06:14 Auth Module :  Authentication Handler initailizing:: SIT
2024/02/04 12:06:14 Auth Module :  Authentication Handler initailizing:: UAT
2024/02/04 12:06:14 Auth Module :  Authentication Handler initailizing:: PERF
2024/02/04 12:06:23 HTTP Handler function execution started
2024/02/04 12:06:23 Environment  : PERF
2024/02/04 12:06:23 authHandlers Initalizing the token request for  : PERF
2024/02/04 12:06:23 Auth Module : getAccessToken func call
2024/02/04 12:06:23 Token data: {  0 0 }
2024/02/04 12:06:23 Auth Module : New token request initiated
2024/02/04 12:06:23 Auth Module : Error performing HTTP request to IDP service:: Post "http://127.0.0.1:8083/generate-token": dial tcp 127.0.0.1:8083: connect: connection refused
2024/02/04 12:08:36 Sidecard Authentication service started ....
2024/02/04 12:08:36 Error : loading configuration: json: cannot unmarshal number into Go struct field Config.AuthConfig of type config.AuthConfig
2024/02/04 12:08:36 Configuration file loaded sucessfully: config.json
2024/02/04 12:08:36 Authentication handler initiation started
2024/02/04 12:08:36 Auth Module :  Authentication Handler initailizing:: timeout
2024/02/04 12:08:36 Auth Module :  Authentication Handler initailizing:: DEV
2024/02/04 12:08:36 Auth Module :  Authentication Handler initailizing:: SIT
2024/02/04 12:08:36 Auth Module :  Authentication Handler initailizing:: UAT
2024/02/04 12:08:36 Auth Module :  Authentication Handler initailizing:: PERF
2024/02/04 12:08:36 Auth Module :  Authentication Handler initailizing:: STAGE
2024/02/04 12:08:36 Auth Module :  Authentication Handler initailizing:: PROD
2024/02/04 12:08:53 HTTP Handler function execution started
2024/02/04 12:08:53 Environment  : PERF
2024/02/04 12:08:53 authHandlers Initalizing the token request for  : PERF
2024/02/04 12:08:53 Auth Module : getAccessToken func call
2024/02/04 12:08:53 Token data: {  0 0 }
2024/02/04 12:08:53 Auth Module : New token request initiated
2024/02/04 12:08:53 Auth Module : Error performing HTTP request to IDP service:: Post "http://127.0.0.1:8083/generate-token": dial tcp 127.0.0.1:8083: connect: connection refused
2024/02/04 12:08:53 authHandlers Initalizing the token request for
2024/02/04 12:11:07 Sidecard Authentication service started ....
2024/02/04 12:11:07 Error : loading configuration: json: cannot unmarshal number into Go struct field Config.AuthConfig of type config.AuthConfig
2024/02/04 12:11:07 Configuration file loaded sucessfully: config.json
2024/02/04 12:11:07 Authentication handler initiation started
2024/02/04 12:11:07 Auth Module :  Authentication Handler initailizing:: timeout
2024/02/04 12:11:07 Auth Module :  Authentication Handler initailizing:: DEV
2024/02/04 12:11:07 Auth Module :  Authentication Handler initailizing:: SIT
2024/02/04 12:11:07 Auth Module :  Authentication Handler initailizing:: UAT
2024/02/04 12:11:07 Auth Module :  Authentication Handler initailizing:: PERF
2024/02/04 12:11:07 Auth Module :  Authentication Handler initailizing:: STAGE
2024/02/04 12:11:07 Auth Module :  Authentication Handler initailizing:: PROD
2024/02/04 12:11:19 HTTP Handler function execution started
2024/02/04 12:11:19 Environment  : PERF
2024/02/04 12:11:19 authHandlers Initalizing the token request for  : PERF
2024/02/04 12:11:19 Auth Module : getAccessToken func call
2024/02/04 12:11:19 Token data: {  0 0 }
2024/02/04 12:11:19 Auth Module : New token request initiated
2024/02/04 12:11:19 Auth Module : Error performing HTTP request to IDP service:: Post "http://127.0.0.1:8083/generate-token": dial tcp 127.0.0.1:8083: connect: connection refused
2024/02/04 12:11:19 newFuncion check the token respose
2024/02/04 14:25:43 Sidecard Authentication service started ....
2024/02/04 14:25:43 Error : loading configuration: json: cannot unmarshal number into Go struct field Config.AuthConfig of type config.AuthConfig
2024/02/04 14:25:43 Configuration file loaded sucessfully: config.json
2024/02/04 14:25:43 Authentication handler initiation started
2024/02/04 14:25:43 Auth Module :  Authentication Handler initailizing:: DEV
2024/02/04 14:25:43 Auth Module :  Authentication Handler initailizing:: SIT
2024/02/04 14:25:43 Auth Module :  Authentication Handler initailizing:: UAT
2024/02/04 14:25:43 Auth Module :  Authentication Handler initailizing:: PERF
2024/02/04 14:25:43 Auth Module :  Authentication Handler initailizing:: STAGE
2024/02/04 14:25:43 Auth Module :  Authentication Handler initailizing:: PROD
2024/02/04 14:25:43 Auth Module :  Authentication Handler initailizing:: timeout
2024/02/04 14:26:23 HTTP Handler function execution started
2024/02/04 14:26:23 Environment  : PERF
2024/02/04 14:26:23 authHandlers Initalizing the token request for  : PERF
2024/02/04 14:26:23 Auth Module : getAccessToken func call
2024/02/04 14:26:23 Token data: {  0 0 }
2024/02/04 14:26:23 Auth Module : New token request initiated
2024/02/04 14:26:23 Auth Module : Error performing HTTP request to IDP service:: Post "http://127.0.0.1:8083/generate-token": dial tcp 127.0.0.1:8083: connect: connection refused
2024/02/04 14:26:23 newFuncion check the token respose
2024/02/04 14:43:21 Sidecard Authentication service started ....
2024/02/04 14:43:21 Error : loading configuration: json: cannot unmarshal number into Go struct field Config.AuthConfig of type config.AuthConfig
2024/02/04 14:43:21 Configuration file loaded sucessfully: config.json
2024/02/04 14:43:21 Authentication handler initiation started
2024/02/04 14:43:21 Auth Module :  Authentication Handler initailizing:: timeout
2024/02/04 14:43:21 Auth Module :  Authentication Handler initailizing:: DEV
2024/02/04 14:43:21 Auth Module :  Authentication Handler initailizing:: SIT
2024/02/04 14:43:21 Auth Module :  Authentication Handler initailizing:: UAT
2024/02/04 14:43:21 Auth Module :  Authentication Handler initailizing:: PERF
2024/02/04 14:43:21 Auth Module :  Authentication Handler initailizing:: STAGE
2024/02/04 14:43:21 Auth Module :  Authentication Handler initailizing:: PROD
2024/02/04 14:43:26 HTTP Handler function execution started
2024/02/04 14:43:26 Environment  : PERF
2024/02/04 14:43:26 authHandlers Initalizing the token request for  : PERF
2024/02/04 14:43:26 Auth Module : getAccessToken func call
2024/02/04 14:43:26 Token data: {  0 0 }
2024/02/04 14:43:26 Auth Module : New token request initiated
2024/02/04 14:43:26 Auth Module : Error performing HTTP request to IDP service:: Post "http://127.0.0.1:8083/generate-token": dial tcp 127.0.0.1:8083: connect: connection refused
2024/02/04 14:43:26 newFuncion check the token respose
2024/02/04 14:48:02 Sidecard Authentication service started ....
2024/02/04 14:48:02 Error : loading configuration: json: cannot unmarshal number into Go struct field Config.AuthConfig of type config.AuthConfig
2024/02/04 14:48:02 Configuration file loaded sucessfully: config.json
2024/02/04 14:48:02 Authentication handler initiation started
2024/02/04 14:48:02 Auth Module :  Authentication Handler initailizing:: SIT
2024/02/04 14:48:02 Auth Module :  Authentication Handler initailizing:: UAT
2024/02/04 14:48:02 Auth Module :  Authentication Handler initailizing:: PERF
2024/02/04 14:48:02 Auth Module :  Authentication Handler initailizing:: STAGE
2024/02/04 14:48:02 Auth Module :  Authentication Handler initailizing:: PROD
2024/02/04 14:48:02 Auth Module :  Authentication Handler initailizing:: timeout
2024/02/04 14:48:02 Auth Module :  Authentication Handler initailizing:: DEV
2024/02/04 14:48:05 HTTP Handler function execution started
2024/02/04 14:48:05 Environment  : PERF
2024/02/04 14:48:05 authHandlers Initalizing the token request for  : PERF
2024/02/04 14:48:05 Auth Module : getAccessToken func call
2024/02/04 14:48:05 Token data: {  0 0 }
2024/02/04 14:48:05 Auth Module : New token request initiated
2024/02/04 14:48:05 Auth Module : Error performing HTTP request to IDP service:: Post "http://127.0.0.1:8083/generate-token": dial tcp 127.0.0.1:8083: connect: connection refused
2024/02/04 14:48:05 newFuncion check the token respose
2024/02/04 14:48:05 Auth Module : GetAccessToken func call
2024/02/04 14:48:05 Auth Module : GetAccessToken func call2
2024/02/04 15:49:47 Sidecard Authentication service started ....
2024/02/04 15:49:47 Error : loading configuration: json: cannot unmarshal number into Go struct field Config.AuthConfig of type config.AuthConfig
2024/02/04 15:49:47 Configuration file loaded sucessfully: config.json
2024/02/04 15:49:47 Authentication handler initiation started
2024/02/04 15:49:47 Auth Module :  Authentication Handler initailizing:: SIT
2024/02/04 15:49:47 Auth Module :  Authentication Handler initailizing:: UAT
2024/02/04 15:49:47 Auth Module :  Authentication Handler initailizing:: PERF
2024/02/04 15:49:47 Auth Module :  Authentication Handler initailizing:: STAGE
2024/02/04 15:49:47 Auth Module :  Authentication Handler initailizing:: PROD
2024/02/04 15:49:47 Auth Module :  Authentication Handler initailizing:: timeout
2024/02/04 15:49:47 Auth Module :  Authentication Handler initailizing:: DEV
2024/02/04 15:49:57 HTTP Handler function execution started
2024/02/04 15:49:57 Environment  : PERF
2024/02/04 15:49:57 authHandlers Initalizing the token request for  : PERF
2024/02/04 15:49:57 Auth Module : getAccessToken func call
2024/02/04 15:49:57 Token data: {  0 0 }
2024/02/04 15:49:57 Auth Module : New token request initiated
2024/02/04 15:49:57 Auth Module : Error performing HTTP request to IDP service:: Post "http://127.0.0.1:8083/generate-token": dial tcp 127.0.0.1:8083: connect: connection refused
2024/02/04 15:49:57 newFuncion check the token respose
2024/02/04 15:49:57 Auth Module : GetAccessToken func call
2024/02/04 15:49:57 Auth Module : GetAccessToken func call2
